<?xml version="1.0" encoding="UTF-8" standalone="yes"?>
<testsuites name="DT" time="10" tests="4" failures="0" errors="0">
    <testsuite name="DT" tests="4" failures="0" errors="0" time="10" timestamp="2019-08-13 13:35:55" hostname="Hamza - DESKTOP-JRBJHUE" id="Test Suites/DT">
        <properties>
            <property name="deviceName" value=""/>
            <property name="devicePlatform" value=""/>
            <property name="logFolder" value="C:\\Users\\Hamza\\Katalon Studio\\SoapPartTwoTesting\\Reports\\DT\\20190813_133548"/>
            <property name="logFiles" value="C:\\Users\\Hamza\\Katalon Studio\\SoapPartTwoTesting\\Reports\\DT\\20190813_133548\\execution0.log"/>
            <property name="attachments" value=""/>
            <property name="hostName" value="Hamza - DESKTOP-JRBJHUE"/>
            <property name="hostAddress" value="192.168.1.7"/>
            <property name="os" value="Windows 10 64bit"/>
            <property name="katalonVersion" value="6.2.0.1"/>
        </properties>
        <testcase name="Test Cases/SoapTwo" classname="Test Cases/SoapTwo" status="PASSED">
            <system-out>2019-08-13 13:35:56 - [TEST_CASE][PASSED] - Test Cases/SoapTwo: Test Cases/SoapTwo&#xD;
&#xD;
2019-08-13 13:35:57 - [TEST_STEP][PASSED] - response = sendRequest(findTestObject("Soap/countryName", ["countryCode":countryCode])): Send request successfully&#xD;
&#xD;
2019-08-13 13:36:01 - [MESSAGE][INFO] - HAR: C:\Users\Hamza\Katalon Studio\SoapPartTwoTesting\Reports\DT\20190813_133548\requests\main\0.har&#xD;
&#xD;
2019-08-13 13:36:02 - [MESSAGE][PASSED] - Send request successfully&#xD;
&#xD;
2019-08-13 13:36:02 - [TEST_STEP][PASSED] - xml = response.getResponseBodyContent(): null&#xD;
&#xD;
2019-08-13 13:36:02 - [TEST_STEP][PASSED] - dataValue = XmlSlurper().parseText(xml): null&#xD;
&#xD;
2019-08-13 13:36:02 - [TEST_STEP][PASSED] - dataSpeci = CountryNameResult.text(): null&#xD;
&#xD;
2019-08-13 13:36:02 - [TEST_STEP][PASSED] - println(dataSpeci): null</system-out>
            <system-err></system-err>
        </testcase>
        <testcase name="Test Cases/SoapTwo" classname="Test Cases/SoapTwo" status="PASSED">
            <system-out>2019-08-13 13:36:02 - [TEST_CASE][PASSED] - Test Cases/SoapTwo: Test Cases/SoapTwo&#xD;
&#xD;
2019-08-13 13:36:03 - [TEST_STEP][PASSED] - response = sendRequest(findTestObject("Soap/countryName", ["countryCode":countryCode])): Send request successfully&#xD;
&#xD;
2019-08-13 13:36:03 - [MESSAGE][INFO] - HAR: C:\Users\Hamza\Katalon Studio\SoapPartTwoTesting\Reports\DT\20190813_133548\requests\main\1.har&#xD;
&#xD;
2019-08-13 13:36:03 - [MESSAGE][PASSED] - Send request successfully&#xD;
&#xD;
2019-08-13 13:36:03 - [TEST_STEP][PASSED] - xml = response.getResponseBodyContent(): null&#xD;
&#xD;
2019-08-13 13:36:03 - [TEST_STEP][PASSED] - dataValue = XmlSlurper().parseText(xml): null&#xD;
&#xD;
2019-08-13 13:36:03 - [TEST_STEP][PASSED] - dataSpeci = CountryNameResult.text(): null&#xD;
&#xD;
2019-08-13 13:36:03 - [TEST_STEP][PASSED] - println(dataSpeci): null</system-out>
            <system-err></system-err>
        </testcase>
        <testcase name="Test Cases/SoapTwo" classname="Test Cases/SoapTwo" status="PASSED">
            <system-out>2019-08-13 13:36:03 - [TEST_CASE][PASSED] - Test Cases/SoapTwo: Test Cases/SoapTwo&#xD;
&#xD;
2019-08-13 13:36:04 - [TEST_STEP][PASSED] - response = sendRequest(findTestObject("Soap/countryName", ["countryCode":countryCode])): Send request successfully&#xD;
&#xD;
2019-08-13 13:36:04 - [MESSAGE][INFO] - HAR: C:\Users\Hamza\Katalon Studio\SoapPartTwoTesting\Reports\DT\20190813_133548\requests\main\2.har&#xD;
&#xD;
2019-08-13 13:36:04 - [MESSAGE][PASSED] - Send request successfully&#xD;
&#xD;
2019-08-13 13:36:04 - [TEST_STEP][PASSED] - xml = response.getResponseBodyContent(): null&#xD;
&#xD;
2019-08-13 13:36:04 - [TEST_STEP][PASSED] - dataValue = XmlSlurper().parseText(xml): null&#xD;
&#xD;
2019-08-13 13:36:04 - [TEST_STEP][PASSED] - dataSpeci = CountryNameResult.text(): null&#xD;
&#xD;
2019-08-13 13:36:04 - [TEST_STEP][PASSED] - println(dataSpeci): null</system-out>
            <system-err></system-err>
        </testcase>
        <testcase name="Test Cases/SoapTwo" classname="Test Cases/SoapTwo" status="PASSED">
            <system-out>2019-08-13 13:36:04 - [TEST_CASE][PASSED] - Test Cases/SoapTwo: Test Cases/SoapTwo&#xD;
&#xD;
2019-08-13 13:36:04 - [TEST_STEP][PASSED] - response = sendRequest(findTestObject("Soap/countryName", ["countryCode":countryCode])): Send request successfully&#xD;
&#xD;
2019-08-13 13:36:05 - [MESSAGE][INFO] - HAR: C:\Users\Hamza\Katalon Studio\SoapPartTwoTesting\Reports\DT\20190813_133548\requests\main\3.har&#xD;
&#xD;
2019-08-13 13:36:05 - [MESSAGE][PASSED] - Send request successfully&#xD;
&#xD;
2019-08-13 13:36:05 - [TEST_STEP][PASSED] - xml = response.getResponseBodyContent(): null&#xD;
&#xD;
2019-08-13 13:36:05 - [TEST_STEP][PASSED] - dataValue = XmlSlurper().parseText(xml): null&#xD;
&#xD;
2019-08-13 13:36:05 - [TEST_STEP][PASSED] - dataSpeci = CountryNameResult.text(): null&#xD;
&#xD;
2019-08-13 13:36:05 - [TEST_STEP][PASSED] - println(dataSpeci): null</system-out>
            <system-err></system-err>
        </testcase>
        <system-out>2019-08-13 13:35:55 - [TEST_SUITE][INCOMPLETE] - DT: null</system-out>
        <system-err>2019-08-13 13:35:55 - [TEST_SUITE][INCOMPLETE] - DT: null</system-err>
    </testsuite>
</testsuites>
